[22:32:50] [main/INFO] (FabricLoader/GameProvider) Loading Minecraft 1.18.2 with Fabric Loader 0.14.21
[22:32:50] [main/INFO] (FabricLoader) Loading 51 mods:
	- abstracraft 1.18.2-1.0.0
	- fabric-api 0.76.0+1.18.2
	- fabric-api-base 0.4.5+64b7c69360
	- fabric-api-lookup-api-v1 1.6.3+2373a54560
	- fabric-biome-api-v1 8.0.7+e83becad60
	- fabric-block-api-v1 1.0.0+ee3621fc60
	- fabric-blockrenderlayer-v1 1.1.13+3ac43d9560
	- fabric-command-api-v1 1.1.10+d7c144a860
	- fabric-commands-v0 0.2.9+b4f4f6cd60
	- fabric-containers-v0 0.1.24+d7c144a860
	- fabric-content-registries-v0 3.1.3+c85f2e3860
	- fabric-convention-tags-v1 1.1.0+43ce63a460
	- fabric-crash-report-info-v1 0.2.1+ee261a3e60
	- fabric-data-generation-api-v1 3.1.0+6c70b68e60
	- fabric-dimensions-v1 2.1.21+489d6f8260
	- fabric-entity-events-v1 1.4.9+d7c144a860
	- fabric-events-interaction-v0 0.4.20+d7c144a860
	- fabric-events-lifecycle-v0 0.2.22+d7c144a860
	- fabric-game-rule-api-v1 1.0.13+d7c144a860
	- fabric-gametest-api-v1 1.0.21+91b7aa6660
	- fabric-item-api-v1 1.6.2+8165403660
	- fabric-item-groups-v0 0.3.16+91896a4960
	- fabric-key-binding-api-v1 1.0.12+54e5b2ec60
	- fabric-keybindings-v0 0.2.10+b4f4f6cd60
	- fabric-lifecycle-events-v1 2.1.1+cc71601c60
	- fabric-loot-api-v2 1.1.2+1997ad1260
	- fabric-loot-tables-v1 1.1.4+e747827960
	- fabric-mining-level-api-v1 2.1.6+cc71601c60
	- fabric-models-v0 0.3.7+d7c144a860
	- fabric-networking-api-v1 1.0.24+2d30af4b60
	- fabric-networking-v0 0.3.11+b4f4f6cd60
	- fabric-object-builder-api-v1 2.1.5+032c981d60
	- fabric-particles-v1 0.2.13+526dc1ac60
	- fabric-registry-sync-v0 0.9.12+bb2e047760
	- fabric-renderer-api-v1 0.5.0+bf48649860
	- fabric-renderer-indigo 0.6.1+03e2b68760
	- fabric-renderer-registries-v1 3.2.12+b4f4f6cd60
	- fabric-rendering-data-attachment-v1 0.3.9+ee3621fc60
	- fabric-rendering-fluids-v1 2.0.3+54e5b2ec60
	- fabric-rendering-v0 1.1.14+b4f4f6cd60
	- fabric-rendering-v1 1.10.8+54e5b2ec60
	- fabric-resource-conditions-api-v1 2.0.3+91b7aa6660
	- fabric-resource-loader-v0 0.5.3+047a5ecb60
	- fabric-screen-api-v1 1.0.11+d882b91560
	- fabric-screen-handler-api-v1 1.2.3+1f6558e860
	- fabric-textures-v0 1.0.13+3ac43d9560
	- fabric-transfer-api-v1 1.6.4+f4563ac860
	- fabric-transitive-access-wideners-v1 1.1.0+e747827960
	- fabricloader 0.14.21
	- java 17
	- minecraft 1.18.2
[22:32:51] [main/INFO] (FabricLoader/Mixin) SpongePowered MIXIN Subsystem Version=0.8.5 Source=file:/C:/Users/matth/.gradle/caches/modules-2/files-2.1/net.fabricmc/sponge-mixin/0.12.5+mixin.0.8.5/8d31fb97c3e0cd7c8dad3441851c523bcfae6d8e/sponge-mixin-0.12.5+mixin.0.8.5.jar Service=Knot/Fabric Env=CLIENT
[22:32:51] [main/INFO] (FabricLoader/Mixin) Loaded Fabric development mappings for mixin remapper!
[22:32:51] [main/INFO] (FabricLoader/Mixin) Compatibility level set to JAVA_16
[22:32:51] [main/INFO] (FabricLoader/Mixin) Compatibility level set to JAVA_17
[22:32:58] [Render thread/INFO] (Minecraft) Environment: authHost='https://authserver.mojang.com', accountsHost='https://api.mojang.com', sessionHost='https://sessionserver.mojang.com', servicesHost='https://api.minecraftservices.com', name='PROD'
[22:32:59] [Render thread/ERROR] (Minecraft) Failed to verify authentication
com.mojang.authlib.exceptions.InvalidCredentialsException: Status: 401
	at com.mojang.authlib.exceptions.MinecraftClientHttpException.toAuthenticationException(MinecraftClientHttpException.java:56) ~[authlib-3.3.39.jar:?]
	at com.mojang.authlib.yggdrasil.YggdrasilUserApiService.fetchProperties(YggdrasilUserApiService.java:132) ~[authlib-3.3.39.jar:?]
	at com.mojang.authlib.yggdrasil.YggdrasilUserApiService.<init>(YggdrasilUserApiService.java:44) ~[authlib-3.3.39.jar:?]
	at com.mojang.authlib.yggdrasil.YggdrasilAuthenticationService.createUserApiService(YggdrasilAuthenticationService.java:153) ~[authlib-3.3.39.jar:?]
	at net.minecraft.client.MinecraftClient.createUserApiService(MinecraftClient.java:680) [minecraft-merged-project-root-1.18.2-net.fabricmc.yarn.1_18_2.1.18.2+build.4-v2.jar:?]
	at net.minecraft.client.MinecraftClient.<init>(MinecraftClient.java:424) [minecraft-merged-project-root-1.18.2-net.fabricmc.yarn.1_18_2.1.18.2+build.4-v2.jar:?]
	at net.minecraft.client.main.Main.main(Main.java:197) [minecraft-merged-project-root-1.18.2-net.fabricmc.yarn.1_18_2.1.18.2+build.4-v2.jar:?]
	at net.fabricmc.loader.impl.game.minecraft.MinecraftGameProvider.launch(MinecraftGameProvider.java:468) [fabric-loader-0.14.21.jar:?]
	at net.fabricmc.loader.impl.launch.knot.Knot.launch(Knot.java:74) [fabric-loader-0.14.21.jar:?]
	at net.fabricmc.loader.impl.launch.knot.KnotClient.main(KnotClient.java:23) [fabric-loader-0.14.21.jar:?]
	at net.fabricmc.devlaunchinjector.Main.main(Main.java:86) [dev-launch-injector-0.2.1+build.8.jar:?]
Caused by: com.mojang.authlib.exceptions.MinecraftClientHttpException: Status: 401
	at com.mojang.authlib.minecraft.client.MinecraftClient.readInputStream(MinecraftClient.java:78) ~[authlib-3.3.39.jar:?]
	at com.mojang.authlib.minecraft.client.MinecraftClient.get(MinecraftClient.java:48) ~[authlib-3.3.39.jar:?]
	at com.mojang.authlib.yggdrasil.YggdrasilUserApiService.fetchProperties(YggdrasilUserApiService.java:113) ~[authlib-3.3.39.jar:?]
	... 9 more
[22:32:59] [Render thread/INFO] (Minecraft) Setting user: Player61
[22:32:59] [Render thread/INFO] (Indigo) [Indigo] Registering Indigo renderer!
[22:33:00] [Render thread/INFO] (Minecraft) Backend library: LWJGL version 3.2.2 build 10
[22:33:02] [Render thread/INFO] (Minecraft) Narrator library for x64 successfully loaded
[22:33:02] [Render thread/INFO] (Minecraft) Reloading ResourceManager: Default, Fabric Mods (Fabric Screen Handler API (v1), Fabric Game Test API (v1), Fabric Command API (v1), Fabric Particles (v1), Fabric Resource Loader (v0), Fabric Loader, Fabric Entity Events (v1), Fabric Renderer Registries (v1), Fabric Data Generation API (v1), Fabric Rendering Data Attachment (v1), Fabric API, Fabric Renderer API (v1), Fabric Game Rule API (v1), Fabric Transitive Access Wideners (v1), Fabric Networking API (v1), Fabric Key Binding API (v1), Fabric Item Groups (v0), Fabric Transfer API (v1), Fabric API Base, Fabric Content Registries (v0), Fabric Biome API (v1), Fabric Commands (v0), Fabric Loot API (v2), Fabric Lifecycle Events (v1), Fabric BlockRenderLayer Registration (v1), Fabric Key Bindings (v0), Fabric Object Builder API (v1), Fabric Dimensions API (v1), Fabric Models (v0), Fabric Convention Tags, Fabric Renderer - Indigo, Fabric Item API (v1), Fabric Loot Tables (v1), Fabric Registry Sync (v0), Fabric Resource Conditions API (v1), Fabric Containers (v0), Fabric API Lookup API (v1), Fabric Events Lifecycle (v0), Fabric Textures (v0), Fabric Rendering (v0), Fabric Screen API (v1), Fabric Rendering Fluids (v1), Fabric Events Interaction (v0), Fabric Mining Level API (v1), Fabric Crash Report Info (v1), Fabric Rendering (v1), Fabric Networking (v0))
[22:33:03] [Realms Notification Availability checker #1/INFO] (Minecraft) Could not authorize you against Realms server: Invalid session id
[22:33:03] [Render thread/INFO] (Minecraft) OpenAL initialized on device OpenAL Soft on Oortelefoon van hoofdtelefoon (CORSAIR HS45 SURROUND)
[22:33:03] [Render thread/INFO] (Minecraft) Sound engine started
[22:33:03] [Render thread/INFO] (Minecraft) Created: 1024x1024x4 minecraft:textures/atlas/blocks.png-atlas
[22:33:03] [Render thread/INFO] (Minecraft) Created: 256x128x4 minecraft:textures/atlas/signs.png-atlas
[22:33:03] [Render thread/INFO] (Minecraft) Created: 1024x512x4 minecraft:textures/atlas/banner_patterns.png-atlas
[22:33:03] [Render thread/INFO] (Minecraft) Created: 1024x512x4 minecraft:textures/atlas/shield_patterns.png-atlas
[22:33:03] [Render thread/INFO] (Minecraft) Created: 256x256x4 minecraft:textures/atlas/chest.png-atlas
[22:33:03] [Render thread/INFO] (Minecraft) Created: 512x256x4 minecraft:textures/atlas/beds.png-atlas
[22:33:03] [Render thread/INFO] (Minecraft) Created: 512x256x4 minecraft:textures/atlas/shulker_boxes.png-atlas
[22:33:04] [Render thread/INFO] (Minecraft) Created: 256x256x0 minecraft:textures/atlas/particles.png-atlas
[22:33:04] [Render thread/INFO] (Minecraft) Created: 256x256x0 minecraft:textures/atlas/paintings.png-atlas
[22:33:04] [Render thread/INFO] (Minecraft) Created: 256x128x0 minecraft:textures/atlas/mob_effects.png-atlas
[22:33:07] [Render thread/INFO] (Minecraft) Stopping!
